{"E:\\SkolaProjekty\\DIPLOMOVKA\\ABADataEvaluation\\client\\src\\App.js": {"path":"E:\\SkolaProjekty\\DIPLOMOVKA\\ABADataEvaluation\\client\\src\\App.js","statementMap":{"0":{"start":{"line":20,"column":0},"end":{"line":20,"column":18}},"1":{"start":{"line":22,"column":19},"end":{"line":120,"column":1}},"2":{"start":{"line":23,"column":47},"end":{"line":23,"column":62}},"3":{"start":{"line":24,"column":18},"end":{"line":26,"column":3}},"4":{"start":{"line":25,"column":4},"end":{"line":25,"column":31}},"5":{"start":{"line":28,"column":17},"end":{"line":45,"column":3}},"6":{"start":{"line":29,"column":4},"end":{"line":44,"column":5}},"7":{"start":{"line":30,"column":23},"end":{"line":36,"column":7}},"8":{"start":{"line":38,"column":23},"end":{"line":38,"column":44}},"9":{"start":{"line":39,"column":6},"end":{"line":41,"column":35}},"10":{"start":{"line":43,"column":6},"end":{"line":43,"column":33}},"11":{"start":{"line":47,"column":2},"end":{"line":49,"column":5}},"12":{"start":{"line":48,"column":4},"end":{"line":48,"column":13}},"13":{"start":{"line":51,"column":2},"end":{"line":119,"column":4}}},"fnMap":{"0":{"name":"(anonymous_0)","decl":{"start":{"line":22,"column":19},"end":{"line":22,"column":20}},"loc":{"start":{"line":22,"column":25},"end":{"line":120,"column":1}},"line":22},"1":{"name":"(anonymous_1)","decl":{"start":{"line":24,"column":18},"end":{"line":24,"column":19}},"loc":{"start":{"line":24,"column":31},"end":{"line":26,"column":3}},"line":24},"2":{"name":"(anonymous_2)","decl":{"start":{"line":28,"column":17},"end":{"line":28,"column":18}},"loc":{"start":{"line":28,"column":29},"end":{"line":45,"column":3}},"line":28},"3":{"name":"(anonymous_3)","decl":{"start":{"line":47,"column":12},"end":{"line":47,"column":13}},"loc":{"start":{"line":47,"column":18},"end":{"line":49,"column":3}},"line":47}},"branchMap":{"0":{"loc":{"start":{"line":39,"column":6},"end":{"line":41,"column":34}},"type":"cond-expr","locations":[{"start":{"line":40,"column":10},"end":{"line":40,"column":33}},{"start":{"line":41,"column":10},"end":{"line":41,"column":34}}],"line":39},"1":{"loc":{"start":{"line":60,"column":14},"end":{"line":64,"column":15}},"type":"cond-expr","locations":[{"start":{"line":61,"column":16},"end":{"line":61,"column":43}},{"start":{"line":63,"column":16},"end":{"line":63,"column":52}}],"line":60},"2":{"loc":{"start":{"line":71,"column":14},"end":{"line":75,"column":15}},"type":"cond-expr","locations":[{"start":{"line":72,"column":16},"end":{"line":72,"column":43}},{"start":{"line":74,"column":16},"end":{"line":74,"column":52}}],"line":71},"3":{"loc":{"start":{"line":82,"column":14},"end":{"line":86,"column":15}},"type":"cond-expr","locations":[{"start":{"line":83,"column":16},"end":{"line":83,"column":46}},{"start":{"line":85,"column":16},"end":{"line":85,"column":48}}],"line":82},"4":{"loc":{"start":{"line":93,"column":14},"end":{"line":97,"column":15}},"type":"cond-expr","locations":[{"start":{"line":94,"column":16},"end":{"line":94,"column":47}},{"start":{"line":96,"column":16},"end":{"line":96,"column":48}}],"line":93},"5":{"loc":{"start":{"line":104,"column":14},"end":{"line":108,"column":15}},"type":"cond-expr","locations":[{"start":{"line":105,"column":16},"end":{"line":105,"column":45}},{"start":{"line":107,"column":16},"end":{"line":107,"column":48}}],"line":104},"6":{"loc":{"start":{"line":114,"column":21},"end":{"line":114,"column":70}},"type":"cond-expr","locations":[{"start":{"line":114,"column":39},"end":{"line":114,"column":53}},{"start":{"line":114,"column":56},"end":{"line":114,"column":70}}],"line":114}},"s":{"0":1,"1":1,"2":0,"3":0,"4":0,"5":0,"6":0,"7":0,"8":0,"9":0,"10":0,"11":0,"12":0,"13":0},"f":{"0":0,"1":0,"2":0,"3":0},"b":{"0":[0,0],"1":[0,0],"2":[0,0],"3":[0,0],"4":[0,0],"5":[0,0],"6":[0,0]},"_coverageSchema":"1a1c01bbd47fc00a2c39e90264f33305004495a9","hash":"4f48f66ca9127ce2b6ddec5383b38c00f1763365"}
,"E:\\SkolaProjekty\\DIPLOMOVKA\\ABADataEvaluation\\client\\src\\components\\dashboard\\dashboard.js": {"path":"E:\\SkolaProjekty\\DIPLOMOVKA\\ABADataEvaluation\\client\\src\\components\\dashboard\\dashboard.js","statementMap":{"0":{"start":{"line":5,"column":25},"end":{"line":59,"column":1}},"1":{"start":{"line":6,"column":26},"end":{"line":6,"column":38}},"2":{"start":{"line":8,"column":18},"end":{"line":24,"column":3}},"3":{"start":{"line":9,"column":4},"end":{"line":23,"column":5}},"4":{"start":{"line":11,"column":23},"end":{"line":17,"column":7}},"5":{"start":{"line":19,"column":23},"end":{"line":19,"column":44}},"6":{"start":{"line":20,"column":6},"end":{"line":20,"column":72}},"7":{"start":{"line":22,"column":6},"end":{"line":22,"column":33}},"8":{"start":{"line":26,"column":17},"end":{"line":31,"column":3}},"9":{"start":{"line":27,"column":4},"end":{"line":27,"column":23}},"10":{"start":{"line":28,"column":4},"end":{"line":28,"column":37}},"11":{"start":{"line":29,"column":4},"end":{"line":29,"column":19}},"12":{"start":{"line":30,"column":4},"end":{"line":30,"column":44}},"13":{"start":{"line":33,"column":2},"end":{"line":35,"column":5}},"14":{"start":{"line":34,"column":4},"end":{"line":34,"column":14}},"15":{"start":{"line":37,"column":2},"end":{"line":58,"column":4}}},"fnMap":{"0":{"name":"(anonymous_0)","decl":{"start":{"line":5,"column":25},"end":{"line":5,"column":26}},"loc":{"start":{"line":5,"column":42},"end":{"line":59,"column":1}},"line":5},"1":{"name":"(anonymous_1)","decl":{"start":{"line":8,"column":18},"end":{"line":8,"column":19}},"loc":{"start":{"line":8,"column":30},"end":{"line":24,"column":3}},"line":8},"2":{"name":"(anonymous_2)","decl":{"start":{"line":26,"column":17},"end":{"line":26,"column":18}},"loc":{"start":{"line":26,"column":24},"end":{"line":31,"column":3}},"line":26},"3":{"name":"(anonymous_3)","decl":{"start":{"line":33,"column":12},"end":{"line":33,"column":13}},"loc":{"start":{"line":33,"column":18},"end":{"line":35,"column":3}},"line":33}},"branchMap":{},"s":{"0":1,"1":0,"2":0,"3":0,"4":0,"5":0,"6":0,"7":0,"8":0,"9":0,"10":0,"11":0,"12":0,"13":0,"14":0,"15":0},"f":{"0":0,"1":0,"2":0,"3":0},"b":{},"_coverageSchema":"1a1c01bbd47fc00a2c39e90264f33305004495a9","hash":"6b094e6de8a8db63d17338b9bc887cb135b8c3b8"}
,"E:\\SkolaProjekty\\DIPLOMOVKA\\ABADataEvaluation\\client\\src\\components\\login\\Login.js": {"path":"E:\\SkolaProjekty\\DIPLOMOVKA\\ABADataEvaluation\\client\\src\\components\\login\\Login.js","statementMap":{"0":{"start":{"line":6,"column":21},"end":{"line":137,"column":1}},"1":{"start":{"line":7,"column":30},"end":{"line":10,"column":4}},"2":{"start":{"line":12,"column":30},"end":{"line":12,"column":36}},"3":{"start":{"line":14,"column":19},"end":{"line":16,"column":3}},"4":{"start":{"line":15,"column":4},"end":{"line":15,"column":62}},"5":{"start":{"line":18,"column":23},"end":{"line":51,"column":3}},"6":{"start":{"line":21,"column":4},"end":{"line":50,"column":5}},"7":{"start":{"line":23,"column":19},"end":{"line":23,"column":25}},"8":{"start":{"line":25,"column":23},"end":{"line":34,"column":7}},"9":{"start":{"line":36,"column":23},"end":{"line":36,"column":44}},"10":{"start":{"line":38,"column":6},"end":{"line":46,"column":7}},"11":{"start":{"line":40,"column":8},"end":{"line":40,"column":54}},"12":{"start":{"line":41,"column":8},"end":{"line":41,"column":22}},"13":{"start":{"line":42,"column":8},"end":{"line":42,"column":43}},"14":{"start":{"line":44,"column":8},"end":{"line":44,"column":23}},"15":{"start":{"line":45,"column":8},"end":{"line":45,"column":30}},"16":{"start":{"line":48,"column":6},"end":{"line":48,"column":39}},"17":{"start":{"line":49,"column":6},"end":{"line":49,"column":33}},"18":{"start":{"line":53,"column":2},"end":{"line":136,"column":4}},"19":{"start":{"line":61,"column":25},"end":{"line":61,"column":27}},"20":{"start":{"line":62,"column":10},"end":{"line":68,"column":11}},"21":{"start":{"line":63,"column":12},"end":{"line":63,"column":38}},"22":{"start":{"line":64,"column":17},"end":{"line":68,"column":11}},"23":{"start":{"line":67,"column":12},"end":{"line":67,"column":51}},"24":{"start":{"line":70,"column":10},"end":{"line":72,"column":11}},"25":{"start":{"line":71,"column":12},"end":{"line":71,"column":41}},"26":{"start":{"line":73,"column":10},"end":{"line":73,"column":24}},"27":{"start":{"line":76,"column":10},"end":{"line":76,"column":30}},"28":{"start":{"line":78,"column":10},"end":{"line":78,"column":31}},"29":{"start":{"line":79,"column":10},"end":{"line":79,"column":31}},"30":{"start":{"line":82,"column":10},"end":{"line":130,"column":17}}},"fnMap":{"0":{"name":"(anonymous_0)","decl":{"start":{"line":6,"column":21},"end":{"line":6,"column":22}},"loc":{"start":{"line":6,"column":38},"end":{"line":137,"column":1}},"line":6},"1":{"name":"(anonymous_1)","decl":{"start":{"line":14,"column":19},"end":{"line":14,"column":20}},"loc":{"start":{"line":14,"column":26},"end":{"line":16,"column":3}},"line":14},"2":{"name":"(anonymous_2)","decl":{"start":{"line":18,"column":23},"end":{"line":18,"column":24}},"loc":{"start":{"line":18,"column":41},"end":{"line":51,"column":3}},"line":18},"3":{"name":"(anonymous_3)","decl":{"start":{"line":60,"column":18},"end":{"line":60,"column":19}},"loc":{"start":{"line":60,"column":30},"end":{"line":74,"column":9}},"line":60},"4":{"name":"(anonymous_4)","decl":{"start":{"line":75,"column":18},"end":{"line":75,"column":19}},"loc":{"start":{"line":75,"column":49},"end":{"line":80,"column":9}},"line":75},"5":{"name":"(anonymous_5)","decl":{"start":{"line":81,"column":9},"end":{"line":81,"column":10}},"loc":{"start":{"line":82,"column":10},"end":{"line":130,"column":17}},"line":82}},"branchMap":{"0":{"loc":{"start":{"line":38,"column":6},"end":{"line":46,"column":7}},"type":"if","locations":[{"start":{"line":38,"column":6},"end":{"line":46,"column":7}},{"start":{"line":43,"column":13},"end":{"line":46,"column":7}}],"line":38},"1":{"loc":{"start":{"line":62,"column":10},"end":{"line":68,"column":11}},"type":"if","locations":[{"start":{"line":62,"column":10},"end":{"line":68,"column":11}},{"start":{"line":64,"column":17},"end":{"line":68,"column":11}}],"line":62},"2":{"loc":{"start":{"line":64,"column":17},"end":{"line":68,"column":11}},"type":"if","locations":[{"start":{"line":64,"column":17},"end":{"line":68,"column":11}},{"start":{},"end":{}}],"line":64},"3":{"loc":{"start":{"line":70,"column":10},"end":{"line":72,"column":11}},"type":"if","locations":[{"start":{"line":70,"column":10},"end":{"line":72,"column":11}},{"start":{},"end":{}}],"line":70}},"s":{"0":1,"1":10,"2":10,"3":10,"4":0,"5":10,"6":0,"7":0,"8":0,"9":0,"10":0,"11":0,"12":0,"13":0,"14":0,"15":0,"16":0,"17":0,"18":10,"19":0,"20":0,"21":0,"22":0,"23":0,"24":0,"25":0,"26":0,"27":0,"28":0,"29":0,"30":10},"f":{"0":10,"1":0,"2":0,"3":0,"4":0,"5":10},"b":{"0":[0,0],"1":[0,0],"2":[0,0],"3":[0,0]},"_coverageSchema":"1a1c01bbd47fc00a2c39e90264f33305004495a9","hash":"2b2ae0cd32ec879b29a8ef591d40d13efa0196e7"}
,"E:\\SkolaProjekty\\DIPLOMOVKA\\ABADataEvaluation\\client\\src\\components\\personForm\\PersonForm.js": {"path":"E:\\SkolaProjekty\\DIPLOMOVKA\\ABADataEvaluation\\client\\src\\components\\personForm\\PersonForm.js","statementMap":{"0":{"start":{"line":5,"column":26},"end":{"line":223,"column":1}},"1":{"start":{"line":6,"column":2},"end":{"line":222,"column":4}},"2":{"start":{"line":21,"column":25},"end":{"line":21,"column":27}},"3":{"start":{"line":22,"column":10},"end":{"line":24,"column":11}},"4":{"start":{"line":23,"column":12},"end":{"line":23,"column":62}},"5":{"start":{"line":26,"column":10},"end":{"line":28,"column":11}},"6":{"start":{"line":27,"column":12},"end":{"line":27,"column":60}},"7":{"start":{"line":30,"column":10},"end":{"line":36,"column":11}},"8":{"start":{"line":31,"column":12},"end":{"line":31,"column":53}},"9":{"start":{"line":32,"column":17},"end":{"line":36,"column":11}},"10":{"start":{"line":35,"column":12},"end":{"line":35,"column":51}},"11":{"start":{"line":38,"column":10},"end":{"line":46,"column":11}},"12":{"start":{"line":39,"column":12},"end":{"line":39,"column":73}},"13":{"start":{"line":40,"column":17},"end":{"line":46,"column":11}},"14":{"start":{"line":45,"column":12},"end":{"line":45,"column":58}},"15":{"start":{"line":48,"column":10},"end":{"line":54,"column":11}},"16":{"start":{"line":53,"column":12},"end":{"line":53,"column":55}},"17":{"start":{"line":56,"column":10},"end":{"line":56,"column":24}},"18":{"start":{"line":86,"column":10},"end":{"line":218,"column":17}}},"fnMap":{"0":{"name":"(anonymous_0)","decl":{"start":{"line":5,"column":26},"end":{"line":5,"column":27}},"loc":{"start":{"line":5,"column":32},"end":{"line":223,"column":1}},"line":5},"1":{"name":"(anonymous_1)","decl":{"start":{"line":20,"column":18},"end":{"line":20,"column":19}},"loc":{"start":{"line":20,"column":30},"end":{"line":57,"column":9}},"line":20},"2":{"name":"(anonymous_2)","decl":{"start":{"line":58,"column":18},"end":{"line":58,"column":19}},"loc":{"start":{"line":58,"column":55},"end":{"line":84,"column":9}},"line":58},"3":{"name":"(anonymous_3)","decl":{"start":{"line":85,"column":9},"end":{"line":85,"column":10}},"loc":{"start":{"line":86,"column":10},"end":{"line":218,"column":17}},"line":86}},"branchMap":{"0":{"loc":{"start":{"line":22,"column":10},"end":{"line":24,"column":11}},"type":"if","locations":[{"start":{"line":22,"column":10},"end":{"line":24,"column":11}},{"start":{},"end":{}}],"line":22},"1":{"loc":{"start":{"line":26,"column":10},"end":{"line":28,"column":11}},"type":"if","locations":[{"start":{"line":26,"column":10},"end":{"line":28,"column":11}},{"start":{},"end":{}}],"line":26},"2":{"loc":{"start":{"line":30,"column":10},"end":{"line":36,"column":11}},"type":"if","locations":[{"start":{"line":30,"column":10},"end":{"line":36,"column":11}},{"start":{"line":32,"column":17},"end":{"line":36,"column":11}}],"line":30},"3":{"loc":{"start":{"line":32,"column":17},"end":{"line":36,"column":11}},"type":"if","locations":[{"start":{"line":32,"column":17},"end":{"line":36,"column":11}},{"start":{},"end":{}}],"line":32},"4":{"loc":{"start":{"line":38,"column":10},"end":{"line":46,"column":11}},"type":"if","locations":[{"start":{"line":38,"column":10},"end":{"line":46,"column":11}},{"start":{"line":40,"column":17},"end":{"line":46,"column":11}}],"line":38},"5":{"loc":{"start":{"line":40,"column":17},"end":{"line":46,"column":11}},"type":"if","locations":[{"start":{"line":40,"column":17},"end":{"line":46,"column":11}},{"start":{},"end":{}}],"line":40},"6":{"loc":{"start":{"line":48,"column":10},"end":{"line":54,"column":11}},"type":"if","locations":[{"start":{"line":48,"column":10},"end":{"line":54,"column":11}},{"start":{},"end":{}}],"line":48},"7":{"loc":{"start":{"line":49,"column":12},"end":{"line":51,"column":48}},"type":"binary-expr","locations":[{"start":{"line":49,"column":12},"end":{"line":49,"column":24}},{"start":{"line":50,"column":12},"end":{"line":50,"column":31}},{"start":{"line":51,"column":12},"end":{"line":51,"column":48}}],"line":49},"8":{"loc":{"start":{"line":183,"column":15},"end":{"line":216,"column":15}},"type":"cond-expr","locations":[{"start":{"line":184,"column":16},"end":{"line":192,"column":25}},{"start":{"line":194,"column":16},"end":{"line":215,"column":23}}],"line":183},"9":{"loc":{"start":{"line":186,"column":21},"end":{"line":186,"column":67}},"type":"cond-expr","locations":[{"start":{"line":186,"column":30},"end":{"line":186,"column":62}},{"start":{"line":186,"column":65},"end":{"line":186,"column":67}}],"line":186}},"s":{"0":2,"1":21,"2":25,"3":25,"4":14,"5":25,"6":16,"7":25,"8":14,"9":11,"10":5,"11":25,"12":17,"13":8,"14":4,"15":25,"16":2,"17":25,"18":98},"f":{"0":21,"1":25,"2":2,"3":98},"b":{"0":[14,11],"1":[16,9],"2":[14,11],"3":[5,6],"4":[17,8],"5":[4,4],"6":[2,23],"7":[25,11,6],"8":[76,22],"9":[39,37]},"_coverageSchema":"1a1c01bbd47fc00a2c39e90264f33305004495a9","hash":"af15438fe8bc57ddaf31eabaf472a47b45dd010d"}
,"E:\\SkolaProjekty\\DIPLOMOVKA\\ABADataEvaluation\\client\\src\\components\\profile\\Profile.js": {"path":"E:\\SkolaProjekty\\DIPLOMOVKA\\ABADataEvaluation\\client\\src\\components\\profile\\Profile.js","statementMap":{"0":{"start":{"line":3,"column":23},"end":{"line":50,"column":1}},"1":{"start":{"line":4,"column":32},"end":{"line":8,"column":4}},"2":{"start":{"line":10,"column":21},"end":{"line":25,"column":3}},"3":{"start":{"line":11,"column":4},"end":{"line":24,"column":5}},"4":{"start":{"line":12,"column":23},"end":{"line":18,"column":7}},"5":{"start":{"line":20,"column":23},"end":{"line":20,"column":44}},"6":{"start":{"line":21,"column":6},"end":{"line":21,"column":27}},"7":{"start":{"line":23,"column":6},"end":{"line":23,"column":33}},"8":{"start":{"line":27,"column":2},"end":{"line":29,"column":9}},"9":{"start":{"line":28,"column":4},"end":{"line":28,"column":17}},"10":{"start":{"line":31,"column":2},"end":{"line":49,"column":4}}},"fnMap":{"0":{"name":"(anonymous_0)","decl":{"start":{"line":3,"column":23},"end":{"line":3,"column":24}},"loc":{"start":{"line":3,"column":29},"end":{"line":50,"column":1}},"line":3},"1":{"name":"(anonymous_1)","decl":{"start":{"line":10,"column":21},"end":{"line":10,"column":22}},"loc":{"start":{"line":10,"column":33},"end":{"line":25,"column":3}},"line":10},"2":{"name":"(anonymous_2)","decl":{"start":{"line":27,"column":12},"end":{"line":27,"column":13}},"loc":{"start":{"line":27,"column":18},"end":{"line":29,"column":3}},"line":27}},"branchMap":{},"s":{"0":1,"1":0,"2":0,"3":0,"4":0,"5":0,"6":0,"7":0,"8":0,"9":0,"10":0},"f":{"0":0,"1":0,"2":0},"b":{},"_coverageSchema":"1a1c01bbd47fc00a2c39e90264f33305004495a9","hash":"ce989aecf2f592bb2ab48c19bb03f28cd901f4a9"}
,"E:\\SkolaProjekty\\DIPLOMOVKA\\ABADataEvaluation\\client\\src\\components\\register\\Register.js": {"path":"E:\\SkolaProjekty\\DIPLOMOVKA\\ABADataEvaluation\\client\\src\\components\\register\\Register.js","statementMap":{"0":{"start":{"line":6,"column":24},"end":{"line":220,"column":1}},"1":{"start":{"line":7,"column":2},"end":{"line":219,"column":4}},"2":{"start":{"line":21,"column":25},"end":{"line":21,"column":27}},"3":{"start":{"line":22,"column":10},"end":{"line":24,"column":11}},"4":{"start":{"line":23,"column":12},"end":{"line":23,"column":62}},"5":{"start":{"line":26,"column":10},"end":{"line":28,"column":11}},"6":{"start":{"line":27,"column":12},"end":{"line":27,"column":60}},"7":{"start":{"line":30,"column":10},"end":{"line":36,"column":11}},"8":{"start":{"line":31,"column":12},"end":{"line":31,"column":53}},"9":{"start":{"line":32,"column":17},"end":{"line":36,"column":11}},"10":{"start":{"line":35,"column":12},"end":{"line":35,"column":51}},"11":{"start":{"line":38,"column":10},"end":{"line":42,"column":11}},"12":{"start":{"line":39,"column":12},"end":{"line":39,"column":63}},"13":{"start":{"line":40,"column":17},"end":{"line":42,"column":11}},"14":{"start":{"line":41,"column":12},"end":{"line":41,"column":67}},"15":{"start":{"line":44,"column":10},"end":{"line":47,"column":11}},"16":{"start":{"line":45,"column":12},"end":{"line":46,"column":55}},"17":{"start":{"line":49,"column":10},"end":{"line":55,"column":11}},"18":{"start":{"line":54,"column":12},"end":{"line":54,"column":65}},"19":{"start":{"line":57,"column":10},"end":{"line":57,"column":24}},"20":{"start":{"line":60,"column":10},"end":{"line":84,"column":11}},"21":{"start":{"line":61,"column":29},"end":{"line":69,"column":13}},"22":{"start":{"line":71,"column":29},"end":{"line":71,"column":50}},"23":{"start":{"line":73,"column":12},"end":{"line":81,"column":13}},"24":{"start":{"line":75,"column":14},"end":{"line":75,"column":60}},"25":{"start":{"line":76,"column":14},"end":{"line":76,"column":28}},"26":{"start":{"line":77,"column":14},"end":{"line":77,"column":54}},"27":{"start":{"line":79,"column":14},"end":{"line":79,"column":29}},"28":{"start":{"line":80,"column":14},"end":{"line":80,"column":36}},"29":{"start":{"line":83,"column":12},"end":{"line":83,"column":39}},"30":{"start":{"line":87,"column":10},"end":{"line":213,"column":17}}},"fnMap":{"0":{"name":"(anonymous_0)","decl":{"start":{"line":6,"column":24},"end":{"line":6,"column":25}},"loc":{"start":{"line":6,"column":41},"end":{"line":220,"column":1}},"line":6},"1":{"name":"(anonymous_1)","decl":{"start":{"line":20,"column":18},"end":{"line":20,"column":19}},"loc":{"start":{"line":20,"column":30},"end":{"line":58,"column":9}},"line":20},"2":{"name":"(anonymous_2)","decl":{"start":{"line":59,"column":18},"end":{"line":59,"column":19}},"loc":{"start":{"line":59,"column":55},"end":{"line":85,"column":9}},"line":59},"3":{"name":"(anonymous_3)","decl":{"start":{"line":86,"column":9},"end":{"line":86,"column":10}},"loc":{"start":{"line":87,"column":10},"end":{"line":213,"column":17}},"line":87}},"branchMap":{"0":{"loc":{"start":{"line":22,"column":10},"end":{"line":24,"column":11}},"type":"if","locations":[{"start":{"line":22,"column":10},"end":{"line":24,"column":11}},{"start":{},"end":{}}],"line":22},"1":{"loc":{"start":{"line":26,"column":10},"end":{"line":28,"column":11}},"type":"if","locations":[{"start":{"line":26,"column":10},"end":{"line":28,"column":11}},{"start":{},"end":{}}],"line":26},"2":{"loc":{"start":{"line":30,"column":10},"end":{"line":36,"column":11}},"type":"if","locations":[{"start":{"line":30,"column":10},"end":{"line":36,"column":11}},{"start":{"line":32,"column":17},"end":{"line":36,"column":11}}],"line":30},"3":{"loc":{"start":{"line":32,"column":17},"end":{"line":36,"column":11}},"type":"if","locations":[{"start":{"line":32,"column":17},"end":{"line":36,"column":11}},{"start":{},"end":{}}],"line":32},"4":{"loc":{"start":{"line":38,"column":10},"end":{"line":42,"column":11}},"type":"if","locations":[{"start":{"line":38,"column":10},"end":{"line":42,"column":11}},{"start":{"line":40,"column":17},"end":{"line":42,"column":11}}],"line":38},"5":{"loc":{"start":{"line":40,"column":17},"end":{"line":42,"column":11}},"type":"if","locations":[{"start":{"line":40,"column":17},"end":{"line":42,"column":11}},{"start":{},"end":{}}],"line":40},"6":{"loc":{"start":{"line":44,"column":10},"end":{"line":47,"column":11}},"type":"if","locations":[{"start":{"line":44,"column":10},"end":{"line":47,"column":11}},{"start":{},"end":{}}],"line":44},"7":{"loc":{"start":{"line":49,"column":10},"end":{"line":55,"column":11}},"type":"if","locations":[{"start":{"line":49,"column":10},"end":{"line":55,"column":11}},{"start":{},"end":{}}],"line":49},"8":{"loc":{"start":{"line":50,"column":12},"end":{"line":52,"column":54}},"type":"binary-expr","locations":[{"start":{"line":50,"column":12},"end":{"line":50,"column":27}},{"start":{"line":51,"column":12},"end":{"line":51,"column":34}},{"start":{"line":52,"column":12},"end":{"line":52,"column":54}}],"line":50},"9":{"loc":{"start":{"line":73,"column":12},"end":{"line":81,"column":13}},"type":"if","locations":[{"start":{"line":73,"column":12},"end":{"line":81,"column":13}},{"start":{"line":78,"column":19},"end":{"line":81,"column":13}}],"line":73},"10":{"loc":{"start":{"line":178,"column":15},"end":{"line":211,"column":15}},"type":"cond-expr","locations":[{"start":{"line":179,"column":16},"end":{"line":187,"column":25}},{"start":{"line":189,"column":16},"end":{"line":210,"column":23}}],"line":178},"11":{"loc":{"start":{"line":181,"column":21},"end":{"line":181,"column":67}},"type":"cond-expr","locations":[{"start":{"line":181,"column":30},"end":{"line":181,"column":62}},{"start":{"line":181,"column":65},"end":{"line":181,"column":67}}],"line":181}},"s":{"0":2,"1":17,"2":16,"3":16,"4":15,"5":16,"6":15,"7":16,"8":14,"9":2,"10":2,"11":16,"12":11,"13":5,"14":2,"15":16,"16":14,"17":16,"18":2,"19":16,"20":0,"21":0,"22":0,"23":0,"24":0,"25":0,"26":0,"27":0,"28":0,"29":0,"30":65},"f":{"0":17,"1":16,"2":0,"3":65},"b":{"0":[15,1],"1":[15,1],"2":[14,2],"3":[2,0],"4":[11,5],"5":[2,3],"6":[14,2],"7":[2,14],"8":[16,5,2],"9":[0,0],"10":[65,0],"11":[38,27]},"_coverageSchema":"1a1c01bbd47fc00a2c39e90264f33305004495a9","hash":"34f94100f258dbe81dbd5a61e0e0a321093dc8f7"}
,"E:\\SkolaProjekty\\DIPLOMOVKA\\ABADataEvaluation\\client\\src\\layout\\header\\Header.js": {"path":"E:\\SkolaProjekty\\DIPLOMOVKA\\ABADataEvaluation\\client\\src\\layout\\header\\Header.js","statementMap":{"0":{"start":{"line":7,"column":22},"end":{"line":56,"column":1}},"1":{"start":{"line":8,"column":26},"end":{"line":8,"column":38}},"2":{"start":{"line":10,"column":18},"end":{"line":26,"column":3}},"3":{"start":{"line":11,"column":4},"end":{"line":25,"column":5}},"4":{"start":{"line":13,"column":23},"end":{"line":19,"column":7}},"5":{"start":{"line":21,"column":23},"end":{"line":21,"column":44}},"6":{"start":{"line":22,"column":6},"end":{"line":22,"column":72}},"7":{"start":{"line":24,"column":6},"end":{"line":24,"column":33}},"8":{"start":{"line":28,"column":2},"end":{"line":32,"column":5}},"9":{"start":{"line":29,"column":4},"end":{"line":31,"column":5}},"10":{"start":{"line":30,"column":6},"end":{"line":30,"column":16}},"11":{"start":{"line":34,"column":2},"end":{"line":55,"column":4}}},"fnMap":{"0":{"name":"(anonymous_0)","decl":{"start":{"line":7,"column":22},"end":{"line":7,"column":23}},"loc":{"start":{"line":7,"column":47},"end":{"line":56,"column":1}},"line":7},"1":{"name":"(anonymous_1)","decl":{"start":{"line":10,"column":18},"end":{"line":10,"column":19}},"loc":{"start":{"line":10,"column":30},"end":{"line":26,"column":3}},"line":10},"2":{"name":"(anonymous_2)","decl":{"start":{"line":28,"column":12},"end":{"line":28,"column":13}},"loc":{"start":{"line":28,"column":18},"end":{"line":32,"column":3}},"line":28}},"branchMap":{"0":{"loc":{"start":{"line":29,"column":4},"end":{"line":31,"column":5}},"type":"if","locations":[{"start":{"line":29,"column":4},"end":{"line":31,"column":5}},{"start":{},"end":{}}],"line":29},"1":{"loc":{"start":{"line":38,"column":9},"end":{"line":52,"column":9}},"type":"cond-expr","locations":[{"start":{"line":39,"column":10},"end":{"line":46,"column":17}},{"start":{"line":48,"column":10},"end":{"line":51,"column":16}}],"line":38}},"s":{"0":1,"1":0,"2":0,"3":0,"4":0,"5":0,"6":0,"7":0,"8":0,"9":0,"10":0,"11":0},"f":{"0":0,"1":0,"2":0},"b":{"0":[0,0],"1":[0,0]},"_coverageSchema":"1a1c01bbd47fc00a2c39e90264f33305004495a9","hash":"9b991cd77c817744892661fb65ba10311c866532"}
,"E:\\SkolaProjekty\\DIPLOMOVKA\\ABADataEvaluation\\client\\test\\spyHelpers.js": {"path":"E:\\SkolaProjekty\\DIPLOMOVKA\\ABADataEvaluation\\client\\test\\spyHelpers.js","statementMap":{"0":{"start":{"line":1,"column":31},"end":{"line":5,"column":4}},"1":{"start":{"line":2,"column":2},"end":{"line":5,"column":4}},"2":{"start":{"line":4,"column":16},"end":{"line":4,"column":37}},"3":{"start":{"line":7,"column":34},"end":{"line":7,"column":70}},"4":{"start":{"line":7,"column":40},"end":{"line":7,"column":70}},"5":{"start":{"line":9,"column":29},"end":{"line":10,"column":44}},"6":{"start":{"line":10,"column":2},"end":{"line":10,"column":44}}},"fnMap":{"0":{"name":"(anonymous_0)","decl":{"start":{"line":1,"column":31},"end":{"line":1,"column":32}},"loc":{"start":{"line":2,"column":2},"end":{"line":5,"column":4}},"line":2},"1":{"name":"(anonymous_1)","decl":{"start":{"line":4,"column":10},"end":{"line":4,"column":11}},"loc":{"start":{"line":4,"column":16},"end":{"line":4,"column":37}},"line":4},"2":{"name":"(anonymous_2)","decl":{"start":{"line":7,"column":34},"end":{"line":7,"column":35}},"loc":{"start":{"line":7,"column":40},"end":{"line":7,"column":70}},"line":7},"3":{"name":"(anonymous_3)","decl":{"start":{"line":9,"column":29},"end":{"line":9,"column":30}},"loc":{"start":{"line":10,"column":2},"end":{"line":10,"column":44}},"line":10}},"branchMap":{},"s":{"0":1,"1":10,"2":0,"3":1,"4":0,"5":1,"6":0},"f":{"0":10,"1":0,"2":0,"3":0},"b":{},"_coverageSchema":"1a1c01bbd47fc00a2c39e90264f33305004495a9","hash":"a39b245e49327bd4742833355ba549a9b93f6c4d"}
}
