{"E:\\SkolaProjekty\\DIPLOMOVKA\\ABADataEvaluation\\client\\src\\App.js": {"path":"E:\\SkolaProjekty\\DIPLOMOVKA\\ABADataEvaluation\\client\\src\\App.js","statementMap":{"0":{"start":{"line":20,"column":0},"end":{"line":20,"column":18}},"1":{"start":{"line":22,"column":19},"end":{"line":120,"column":1}},"2":{"start":{"line":23,"column":47},"end":{"line":23,"column":62}},"3":{"start":{"line":24,"column":18},"end":{"line":26,"column":3}},"4":{"start":{"line":25,"column":4},"end":{"line":25,"column":31}},"5":{"start":{"line":28,"column":17},"end":{"line":45,"column":3}},"6":{"start":{"line":29,"column":4},"end":{"line":44,"column":5}},"7":{"start":{"line":30,"column":23},"end":{"line":36,"column":7}},"8":{"start":{"line":38,"column":23},"end":{"line":38,"column":44}},"9":{"start":{"line":39,"column":6},"end":{"line":41,"column":35}},"10":{"start":{"line":43,"column":6},"end":{"line":43,"column":33}},"11":{"start":{"line":47,"column":2},"end":{"line":49,"column":5}},"12":{"start":{"line":48,"column":4},"end":{"line":48,"column":13}},"13":{"start":{"line":51,"column":2},"end":{"line":119,"column":4}}},"fnMap":{"0":{"name":"(anonymous_0)","decl":{"start":{"line":22,"column":19},"end":{"line":22,"column":20}},"loc":{"start":{"line":22,"column":25},"end":{"line":120,"column":1}},"line":22},"1":{"name":"(anonymous_1)","decl":{"start":{"line":24,"column":18},"end":{"line":24,"column":19}},"loc":{"start":{"line":24,"column":31},"end":{"line":26,"column":3}},"line":24},"2":{"name":"(anonymous_2)","decl":{"start":{"line":28,"column":17},"end":{"line":28,"column":18}},"loc":{"start":{"line":28,"column":29},"end":{"line":45,"column":3}},"line":28},"3":{"name":"(anonymous_3)","decl":{"start":{"line":47,"column":12},"end":{"line":47,"column":13}},"loc":{"start":{"line":47,"column":18},"end":{"line":49,"column":3}},"line":47}},"branchMap":{"0":{"loc":{"start":{"line":39,"column":6},"end":{"line":41,"column":34}},"type":"cond-expr","locations":[{"start":{"line":40,"column":10},"end":{"line":40,"column":33}},{"start":{"line":41,"column":10},"end":{"line":41,"column":34}}],"line":39},"1":{"loc":{"start":{"line":60,"column":14},"end":{"line":64,"column":15}},"type":"cond-expr","locations":[{"start":{"line":61,"column":16},"end":{"line":61,"column":43}},{"start":{"line":63,"column":16},"end":{"line":63,"column":52}}],"line":60},"2":{"loc":{"start":{"line":71,"column":14},"end":{"line":75,"column":15}},"type":"cond-expr","locations":[{"start":{"line":72,"column":16},"end":{"line":72,"column":43}},{"start":{"line":74,"column":16},"end":{"line":74,"column":52}}],"line":71},"3":{"loc":{"start":{"line":82,"column":14},"end":{"line":86,"column":15}},"type":"cond-expr","locations":[{"start":{"line":83,"column":16},"end":{"line":83,"column":46}},{"start":{"line":85,"column":16},"end":{"line":85,"column":48}}],"line":82},"4":{"loc":{"start":{"line":93,"column":14},"end":{"line":97,"column":15}},"type":"cond-expr","locations":[{"start":{"line":94,"column":16},"end":{"line":94,"column":47}},{"start":{"line":96,"column":16},"end":{"line":96,"column":48}}],"line":93},"5":{"loc":{"start":{"line":104,"column":14},"end":{"line":108,"column":15}},"type":"cond-expr","locations":[{"start":{"line":105,"column":16},"end":{"line":105,"column":45}},{"start":{"line":107,"column":16},"end":{"line":107,"column":48}}],"line":104},"6":{"loc":{"start":{"line":114,"column":21},"end":{"line":114,"column":70}},"type":"cond-expr","locations":[{"start":{"line":114,"column":39},"end":{"line":114,"column":53}},{"start":{"line":114,"column":56},"end":{"line":114,"column":70}}],"line":114}},"s":{"0":1,"1":1,"2":0,"3":0,"4":0,"5":0,"6":0,"7":0,"8":0,"9":0,"10":0,"11":0,"12":0,"13":0},"f":{"0":0,"1":0,"2":0,"3":0},"b":{"0":[0,0],"1":[0,0],"2":[0,0],"3":[0,0],"4":[0,0],"5":[0,0],"6":[0,0]},"_coverageSchema":"1a1c01bbd47fc00a2c39e90264f33305004495a9","hash":"4f48f66ca9127ce2b6ddec5383b38c00f1763365"}
,"E:\\SkolaProjekty\\DIPLOMOVKA\\ABADataEvaluation\\client\\src\\components\\dashboard\\dashboard.js": {"path":"E:\\SkolaProjekty\\DIPLOMOVKA\\ABADataEvaluation\\client\\src\\components\\dashboard\\dashboard.js","statementMap":{"0":{"start":{"line":5,"column":25},"end":{"line":46,"column":1}},"1":{"start":{"line":6,"column":26},"end":{"line":6,"column":38}},"2":{"start":{"line":8,"column":18},"end":{"line":24,"column":3}},"3":{"start":{"line":9,"column":4},"end":{"line":23,"column":5}},"4":{"start":{"line":11,"column":23},"end":{"line":17,"column":7}},"5":{"start":{"line":19,"column":23},"end":{"line":19,"column":44}},"6":{"start":{"line":20,"column":6},"end":{"line":20,"column":34}},"7":{"start":{"line":22,"column":6},"end":{"line":22,"column":33}},"8":{"start":{"line":26,"column":17},"end":{"line":31,"column":3}},"9":{"start":{"line":27,"column":4},"end":{"line":27,"column":23}},"10":{"start":{"line":28,"column":4},"end":{"line":28,"column":37}},"11":{"start":{"line":29,"column":4},"end":{"line":29,"column":19}},"12":{"start":{"line":30,"column":4},"end":{"line":30,"column":44}},"13":{"start":{"line":33,"column":2},"end":{"line":35,"column":5}},"14":{"start":{"line":34,"column":4},"end":{"line":34,"column":14}},"15":{"start":{"line":37,"column":2},"end":{"line":45,"column":4}}},"fnMap":{"0":{"name":"(anonymous_0)","decl":{"start":{"line":5,"column":25},"end":{"line":5,"column":26}},"loc":{"start":{"line":5,"column":42},"end":{"line":46,"column":1}},"line":5},"1":{"name":"(anonymous_1)","decl":{"start":{"line":8,"column":18},"end":{"line":8,"column":19}},"loc":{"start":{"line":8,"column":30},"end":{"line":24,"column":3}},"line":8},"2":{"name":"(anonymous_2)","decl":{"start":{"line":26,"column":17},"end":{"line":26,"column":18}},"loc":{"start":{"line":26,"column":24},"end":{"line":31,"column":3}},"line":26},"3":{"name":"(anonymous_3)","decl":{"start":{"line":33,"column":12},"end":{"line":33,"column":13}},"loc":{"start":{"line":33,"column":18},"end":{"line":35,"column":3}},"line":33}},"branchMap":{},"s":{"0":1,"1":0,"2":0,"3":0,"4":0,"5":0,"6":0,"7":0,"8":0,"9":0,"10":0,"11":0,"12":0,"13":0,"14":0,"15":0},"f":{"0":0,"1":0,"2":0,"3":0},"b":{},"_coverageSchema":"1a1c01bbd47fc00a2c39e90264f33305004495a9","hash":"f3192def7787e779846f4b83b8b67bf3f8c9410b"}
,"E:\\SkolaProjekty\\DIPLOMOVKA\\ABADataEvaluation\\client\\src\\components\\login\\Login.js": {"path":"E:\\SkolaProjekty\\DIPLOMOVKA\\ABADataEvaluation\\client\\src\\components\\login\\Login.js","statementMap":{"0":{"start":{"line":6,"column":21},"end":{"line":129,"column":1}},"1":{"start":{"line":7,"column":30},"end":{"line":10,"column":4}},"2":{"start":{"line":12,"column":30},"end":{"line":12,"column":36}},"3":{"start":{"line":14,"column":19},"end":{"line":16,"column":3}},"4":{"start":{"line":15,"column":4},"end":{"line":15,"column":62}},"5":{"start":{"line":18,"column":23},"end":{"line":51,"column":3}},"6":{"start":{"line":21,"column":4},"end":{"line":50,"column":5}},"7":{"start":{"line":23,"column":19},"end":{"line":23,"column":25}},"8":{"start":{"line":25,"column":23},"end":{"line":34,"column":7}},"9":{"start":{"line":36,"column":23},"end":{"line":36,"column":44}},"10":{"start":{"line":38,"column":6},"end":{"line":46,"column":7}},"11":{"start":{"line":40,"column":8},"end":{"line":40,"column":54}},"12":{"start":{"line":41,"column":8},"end":{"line":41,"column":22}},"13":{"start":{"line":42,"column":8},"end":{"line":42,"column":43}},"14":{"start":{"line":44,"column":8},"end":{"line":44,"column":23}},"15":{"start":{"line":45,"column":8},"end":{"line":45,"column":30}},"16":{"start":{"line":48,"column":6},"end":{"line":48,"column":39}},"17":{"start":{"line":49,"column":6},"end":{"line":49,"column":33}},"18":{"start":{"line":53,"column":2},"end":{"line":128,"column":4}},"19":{"start":{"line":61,"column":25},"end":{"line":61,"column":27}},"20":{"start":{"line":62,"column":10},"end":{"line":68,"column":11}},"21":{"start":{"line":63,"column":12},"end":{"line":63,"column":38}},"22":{"start":{"line":64,"column":17},"end":{"line":68,"column":11}},"23":{"start":{"line":67,"column":12},"end":{"line":67,"column":51}},"24":{"start":{"line":70,"column":10},"end":{"line":72,"column":11}},"25":{"start":{"line":71,"column":12},"end":{"line":71,"column":41}},"26":{"start":{"line":73,"column":10},"end":{"line":73,"column":24}},"27":{"start":{"line":76,"column":10},"end":{"line":76,"column":30}},"28":{"start":{"line":78,"column":10},"end":{"line":78,"column":31}},"29":{"start":{"line":79,"column":10},"end":{"line":79,"column":31}},"30":{"start":{"line":82,"column":10},"end":{"line":122,"column":17}}},"fnMap":{"0":{"name":"(anonymous_0)","decl":{"start":{"line":6,"column":21},"end":{"line":6,"column":22}},"loc":{"start":{"line":6,"column":38},"end":{"line":129,"column":1}},"line":6},"1":{"name":"(anonymous_1)","decl":{"start":{"line":14,"column":19},"end":{"line":14,"column":20}},"loc":{"start":{"line":14,"column":26},"end":{"line":16,"column":3}},"line":14},"2":{"name":"(anonymous_2)","decl":{"start":{"line":18,"column":23},"end":{"line":18,"column":24}},"loc":{"start":{"line":18,"column":41},"end":{"line":51,"column":3}},"line":18},"3":{"name":"(anonymous_3)","decl":{"start":{"line":60,"column":18},"end":{"line":60,"column":19}},"loc":{"start":{"line":60,"column":30},"end":{"line":74,"column":9}},"line":60},"4":{"name":"(anonymous_4)","decl":{"start":{"line":75,"column":18},"end":{"line":75,"column":19}},"loc":{"start":{"line":75,"column":49},"end":{"line":80,"column":9}},"line":75},"5":{"name":"(anonymous_5)","decl":{"start":{"line":81,"column":9},"end":{"line":81,"column":10}},"loc":{"start":{"line":82,"column":10},"end":{"line":122,"column":17}},"line":82}},"branchMap":{"0":{"loc":{"start":{"line":38,"column":6},"end":{"line":46,"column":7}},"type":"if","locations":[{"start":{"line":38,"column":6},"end":{"line":46,"column":7}},{"start":{"line":43,"column":13},"end":{"line":46,"column":7}}],"line":38},"1":{"loc":{"start":{"line":62,"column":10},"end":{"line":68,"column":11}},"type":"if","locations":[{"start":{"line":62,"column":10},"end":{"line":68,"column":11}},{"start":{"line":64,"column":17},"end":{"line":68,"column":11}}],"line":62},"2":{"loc":{"start":{"line":64,"column":17},"end":{"line":68,"column":11}},"type":"if","locations":[{"start":{"line":64,"column":17},"end":{"line":68,"column":11}},{"start":{},"end":{}}],"line":64},"3":{"loc":{"start":{"line":70,"column":10},"end":{"line":72,"column":11}},"type":"if","locations":[{"start":{"line":70,"column":10},"end":{"line":72,"column":11}},{"start":{},"end":{}}],"line":70}},"s":{"0":1,"1":10,"2":10,"3":10,"4":0,"5":10,"6":0,"7":0,"8":0,"9":0,"10":0,"11":0,"12":0,"13":0,"14":0,"15":0,"16":0,"17":0,"18":10,"19":0,"20":0,"21":0,"22":0,"23":0,"24":0,"25":0,"26":0,"27":0,"28":0,"29":0,"30":10},"f":{"0":10,"1":0,"2":0,"3":0,"4":0,"5":10},"b":{"0":[0,0],"1":[0,0],"2":[0,0],"3":[0,0]},"_coverageSchema":"1a1c01bbd47fc00a2c39e90264f33305004495a9","hash":"44638060b3f5ff4bf66fb231d24ea42fb36351e4"}
,"E:\\SkolaProjekty\\DIPLOMOVKA\\ABADataEvaluation\\client\\src\\components\\personForm\\PersonForm.js": {"path":"E:\\SkolaProjekty\\DIPLOMOVKA\\ABADataEvaluation\\client\\src\\components\\personForm\\PersonForm.js","statementMap":{"0":{"start":{"line":4,"column":26},"end":{"line":115,"column":1}},"1":{"start":{"line":5,"column":2},"end":{"line":114,"column":4}},"2":{"start":{"line":20,"column":25},"end":{"line":20,"column":27}},"3":{"start":{"line":21,"column":10},"end":{"line":23,"column":11}},"4":{"start":{"line":22,"column":12},"end":{"line":22,"column":62}},"5":{"start":{"line":24,"column":10},"end":{"line":24,"column":24}},"6":{"start":{"line":27,"column":10},"end":{"line":27,"column":31}},"7":{"start":{"line":30,"column":10},"end":{"line":110,"column":17}}},"fnMap":{"0":{"name":"(anonymous_0)","decl":{"start":{"line":4,"column":26},"end":{"line":4,"column":27}},"loc":{"start":{"line":4,"column":32},"end":{"line":115,"column":1}},"line":4},"1":{"name":"(anonymous_1)","decl":{"start":{"line":19,"column":18},"end":{"line":19,"column":19}},"loc":{"start":{"line":19,"column":30},"end":{"line":25,"column":9}},"line":19},"2":{"name":"(anonymous_2)","decl":{"start":{"line":26,"column":18},"end":{"line":26,"column":19}},"loc":{"start":{"line":26,"column":49},"end":{"line":28,"column":9}},"line":26},"3":{"name":"(anonymous_3)","decl":{"start":{"line":29,"column":9},"end":{"line":29,"column":10}},"loc":{"start":{"line":30,"column":10},"end":{"line":110,"column":17}},"line":30}},"branchMap":{"0":{"loc":{"start":{"line":21,"column":10},"end":{"line":23,"column":11}},"type":"if","locations":[{"start":{"line":21,"column":10},"end":{"line":23,"column":11}},{"start":{},"end":{}}],"line":21}},"s":{"0":2,"1":10,"2":3,"3":3,"4":2,"5":3,"6":0,"7":19},"f":{"0":10,"1":3,"2":0,"3":19},"b":{"0":[2,1]},"_coverageSchema":"1a1c01bbd47fc00a2c39e90264f33305004495a9","hash":"8fa8fddcf2c0e15d5e61148c552427ef0c8bd8ea"}
,"E:\\SkolaProjekty\\DIPLOMOVKA\\ABADataEvaluation\\client\\src\\components\\profile\\Profile.js": {"path":"E:\\SkolaProjekty\\DIPLOMOVKA\\ABADataEvaluation\\client\\src\\components\\profile\\Profile.js","statementMap":{"0":{"start":{"line":3,"column":23},"end":{"line":47,"column":1}},"1":{"start":{"line":4,"column":32},"end":{"line":7,"column":4}},"2":{"start":{"line":9,"column":21},"end":{"line":24,"column":3}},"3":{"start":{"line":10,"column":4},"end":{"line":23,"column":5}},"4":{"start":{"line":11,"column":23},"end":{"line":17,"column":7}},"5":{"start":{"line":19,"column":23},"end":{"line":19,"column":44}},"6":{"start":{"line":20,"column":6},"end":{"line":20,"column":27}},"7":{"start":{"line":22,"column":6},"end":{"line":22,"column":33}},"8":{"start":{"line":26,"column":2},"end":{"line":28,"column":9}},"9":{"start":{"line":27,"column":4},"end":{"line":27,"column":17}},"10":{"start":{"line":30,"column":2},"end":{"line":46,"column":4}}},"fnMap":{"0":{"name":"(anonymous_0)","decl":{"start":{"line":3,"column":23},"end":{"line":3,"column":24}},"loc":{"start":{"line":3,"column":29},"end":{"line":47,"column":1}},"line":3},"1":{"name":"(anonymous_1)","decl":{"start":{"line":9,"column":21},"end":{"line":9,"column":22}},"loc":{"start":{"line":9,"column":33},"end":{"line":24,"column":3}},"line":9},"2":{"name":"(anonymous_2)","decl":{"start":{"line":26,"column":12},"end":{"line":26,"column":13}},"loc":{"start":{"line":26,"column":18},"end":{"line":28,"column":3}},"line":26}},"branchMap":{},"s":{"0":1,"1":0,"2":0,"3":0,"4":0,"5":0,"6":0,"7":0,"8":0,"9":0,"10":0},"f":{"0":0,"1":0,"2":0},"b":{},"_coverageSchema":"1a1c01bbd47fc00a2c39e90264f33305004495a9","hash":"fd5362a4b98799669e43407dbde53ec46e65b776"}
,"E:\\SkolaProjekty\\DIPLOMOVKA\\ABADataEvaluation\\client\\src\\components\\register\\register.js": {"path":"E:\\SkolaProjekty\\DIPLOMOVKA\\ABADataEvaluation\\client\\src\\components\\register\\register.js","statementMap":{"0":{"start":{"line":5,"column":24},"end":{"line":116,"column":1}},"1":{"start":{"line":6,"column":30},"end":{"line":10,"column":4}},"2":{"start":{"line":12,"column":36},"end":{"line":12,"column":42}},"3":{"start":{"line":14,"column":19},"end":{"line":16,"column":3}},"4":{"start":{"line":15,"column":4},"end":{"line":15,"column":62}},"5":{"start":{"line":18,"column":23},"end":{"line":48,"column":3}},"6":{"start":{"line":19,"column":4},"end":{"line":19,"column":23}},"7":{"start":{"line":20,"column":4},"end":{"line":20,"column":37}},"8":{"start":{"line":21,"column":4},"end":{"line":47,"column":5}},"9":{"start":{"line":22,"column":19},"end":{"line":22,"column":44}},"10":{"start":{"line":23,"column":6},"end":{"line":23,"column":40}},"11":{"start":{"line":24,"column":23},"end":{"line":32,"column":7}},"12":{"start":{"line":34,"column":23},"end":{"line":34,"column":44}},"13":{"start":{"line":36,"column":6},"end":{"line":44,"column":7}},"14":{"start":{"line":38,"column":8},"end":{"line":38,"column":54}},"15":{"start":{"line":39,"column":8},"end":{"line":39,"column":22}},"16":{"start":{"line":40,"column":8},"end":{"line":40,"column":48}},"17":{"start":{"line":42,"column":8},"end":{"line":42,"column":23}},"18":{"start":{"line":43,"column":8},"end":{"line":43,"column":30}},"19":{"start":{"line":46,"column":6},"end":{"line":46,"column":33}},"20":{"start":{"line":50,"column":2},"end":{"line":115,"column":4}},"21":{"start":{"line":69,"column":29},"end":{"line":69,"column":40}},"22":{"start":{"line":85,"column":29},"end":{"line":85,"column":40}},"23":{"start":{"line":101,"column":29},"end":{"line":101,"column":40}}},"fnMap":{"0":{"name":"(anonymous_0)","decl":{"start":{"line":5,"column":24},"end":{"line":5,"column":25}},"loc":{"start":{"line":5,"column":41},"end":{"line":116,"column":1}},"line":5},"1":{"name":"(anonymous_1)","decl":{"start":{"line":14,"column":19},"end":{"line":14,"column":20}},"loc":{"start":{"line":14,"column":26},"end":{"line":16,"column":3}},"line":14},"2":{"name":"(anonymous_2)","decl":{"start":{"line":18,"column":23},"end":{"line":18,"column":24}},"loc":{"start":{"line":18,"column":36},"end":{"line":48,"column":3}},"line":18},"3":{"name":"(anonymous_3)","decl":{"start":{"line":69,"column":22},"end":{"line":69,"column":23}},"loc":{"start":{"line":69,"column":29},"end":{"line":69,"column":40}},"line":69},"4":{"name":"(anonymous_4)","decl":{"start":{"line":85,"column":22},"end":{"line":85,"column":23}},"loc":{"start":{"line":85,"column":29},"end":{"line":85,"column":40}},"line":85},"5":{"name":"(anonymous_5)","decl":{"start":{"line":101,"column":22},"end":{"line":101,"column":23}},"loc":{"start":{"line":101,"column":29},"end":{"line":101,"column":40}},"line":101}},"branchMap":{"0":{"loc":{"start":{"line":36,"column":6},"end":{"line":44,"column":7}},"type":"if","locations":[{"start":{"line":36,"column":6},"end":{"line":44,"column":7}},{"start":{"line":41,"column":13},"end":{"line":44,"column":7}}],"line":36}},"s":{"0":1,"1":0,"2":0,"3":0,"4":0,"5":0,"6":0,"7":0,"8":0,"9":0,"10":0,"11":0,"12":0,"13":0,"14":0,"15":0,"16":0,"17":0,"18":0,"19":0,"20":0,"21":0,"22":0,"23":0},"f":{"0":0,"1":0,"2":0,"3":0,"4":0,"5":0},"b":{"0":[0,0]},"_coverageSchema":"1a1c01bbd47fc00a2c39e90264f33305004495a9","hash":"1e6ff64d71fa723bd4b66d89bc9b6d668594714b"}
,"E:\\SkolaProjekty\\DIPLOMOVKA\\ABADataEvaluation\\client\\src\\layout\\header\\Header.js": {"path":"E:\\SkolaProjekty\\DIPLOMOVKA\\ABADataEvaluation\\client\\src\\layout\\header\\Header.js","statementMap":{"0":{"start":{"line":7,"column":22},"end":{"line":56,"column":1}},"1":{"start":{"line":8,"column":26},"end":{"line":8,"column":38}},"2":{"start":{"line":10,"column":18},"end":{"line":26,"column":3}},"3":{"start":{"line":11,"column":4},"end":{"line":25,"column":5}},"4":{"start":{"line":13,"column":23},"end":{"line":19,"column":7}},"5":{"start":{"line":21,"column":23},"end":{"line":21,"column":44}},"6":{"start":{"line":22,"column":6},"end":{"line":22,"column":34}},"7":{"start":{"line":24,"column":6},"end":{"line":24,"column":33}},"8":{"start":{"line":28,"column":2},"end":{"line":32,"column":5}},"9":{"start":{"line":29,"column":4},"end":{"line":31,"column":5}},"10":{"start":{"line":30,"column":6},"end":{"line":30,"column":16}},"11":{"start":{"line":34,"column":2},"end":{"line":55,"column":4}}},"fnMap":{"0":{"name":"(anonymous_0)","decl":{"start":{"line":7,"column":22},"end":{"line":7,"column":23}},"loc":{"start":{"line":7,"column":47},"end":{"line":56,"column":1}},"line":7},"1":{"name":"(anonymous_1)","decl":{"start":{"line":10,"column":18},"end":{"line":10,"column":19}},"loc":{"start":{"line":10,"column":30},"end":{"line":26,"column":3}},"line":10},"2":{"name":"(anonymous_2)","decl":{"start":{"line":28,"column":12},"end":{"line":28,"column":13}},"loc":{"start":{"line":28,"column":18},"end":{"line":32,"column":3}},"line":28}},"branchMap":{"0":{"loc":{"start":{"line":29,"column":4},"end":{"line":31,"column":5}},"type":"if","locations":[{"start":{"line":29,"column":4},"end":{"line":31,"column":5}},{"start":{},"end":{}}],"line":29},"1":{"loc":{"start":{"line":38,"column":9},"end":{"line":52,"column":9}},"type":"cond-expr","locations":[{"start":{"line":39,"column":10},"end":{"line":46,"column":17}},{"start":{"line":48,"column":10},"end":{"line":51,"column":16}}],"line":38}},"s":{"0":1,"1":0,"2":0,"3":0,"4":0,"5":0,"6":0,"7":0,"8":0,"9":0,"10":0,"11":0},"f":{"0":0,"1":0,"2":0},"b":{"0":[0,0],"1":[0,0]},"_coverageSchema":"1a1c01bbd47fc00a2c39e90264f33305004495a9","hash":"813401b8fbf71dde3a6bd27456fd368e365d38c1"}
,"E:\\SkolaProjekty\\DIPLOMOVKA\\ABADataEvaluation\\client\\test\\spyHelpers.js": {"path":"E:\\SkolaProjekty\\DIPLOMOVKA\\ABADataEvaluation\\client\\test\\spyHelpers.js","statementMap":{"0":{"start":{"line":1,"column":31},"end":{"line":5,"column":4}},"1":{"start":{"line":2,"column":2},"end":{"line":5,"column":4}},"2":{"start":{"line":4,"column":16},"end":{"line":4,"column":37}},"3":{"start":{"line":7,"column":34},"end":{"line":7,"column":70}},"4":{"start":{"line":7,"column":40},"end":{"line":7,"column":70}},"5":{"start":{"line":9,"column":29},"end":{"line":10,"column":44}},"6":{"start":{"line":10,"column":2},"end":{"line":10,"column":44}}},"fnMap":{"0":{"name":"(anonymous_0)","decl":{"start":{"line":1,"column":31},"end":{"line":1,"column":32}},"loc":{"start":{"line":2,"column":2},"end":{"line":5,"column":4}},"line":2},"1":{"name":"(anonymous_1)","decl":{"start":{"line":4,"column":10},"end":{"line":4,"column":11}},"loc":{"start":{"line":4,"column":16},"end":{"line":4,"column":37}},"line":4},"2":{"name":"(anonymous_2)","decl":{"start":{"line":7,"column":34},"end":{"line":7,"column":35}},"loc":{"start":{"line":7,"column":40},"end":{"line":7,"column":70}},"line":7},"3":{"name":"(anonymous_3)","decl":{"start":{"line":9,"column":29},"end":{"line":9,"column":30}},"loc":{"start":{"line":10,"column":2},"end":{"line":10,"column":44}},"line":10}},"branchMap":{},"s":{"0":1,"1":10,"2":0,"3":1,"4":0,"5":1,"6":0},"f":{"0":10,"1":0,"2":0,"3":0},"b":{},"_coverageSchema":"1a1c01bbd47fc00a2c39e90264f33305004495a9","hash":"a39b245e49327bd4742833355ba549a9b93f6c4d"}
}
