TN:
SF:src\App.js
FN:22,(anonymous_0)
FN:24,(anonymous_1)
FN:28,(anonymous_2)
FN:47,(anonymous_3)
FNF:4
FNH:0
FNDA:0,(anonymous_0)
FNDA:0,(anonymous_1)
FNDA:0,(anonymous_2)
FNDA:0,(anonymous_3)
DA:20,1
DA:22,1
DA:23,0
DA:24,0
DA:25,0
DA:28,0
DA:29,0
DA:30,0
DA:38,0
DA:39,0
DA:43,0
DA:47,0
DA:48,0
DA:51,0
LF:14
LH:2
BRDA:39,0,0,0
BRDA:39,0,1,0
BRDA:60,1,0,0
BRDA:60,1,1,0
BRDA:71,2,0,0
BRDA:71,2,1,0
BRDA:82,3,0,0
BRDA:82,3,1,0
BRDA:93,4,0,0
BRDA:93,4,1,0
BRDA:104,5,0,0
BRDA:104,5,1,0
BRDA:114,6,0,0
BRDA:114,6,1,0
BRF:14
BRH:0
end_of_record
TN:
SF:src\components\dashboard\dashboard.js
FN:5,(anonymous_0)
FN:8,(anonymous_1)
FN:26,(anonymous_2)
FN:33,(anonymous_3)
FNF:4
FNH:0
FNDA:0,(anonymous_0)
FNDA:0,(anonymous_1)
FNDA:0,(anonymous_2)
FNDA:0,(anonymous_3)
DA:5,1
DA:6,0
DA:8,0
DA:9,0
DA:11,0
DA:19,0
DA:20,0
DA:22,0
DA:26,0
DA:27,0
DA:28,0
DA:29,0
DA:30,0
DA:33,0
DA:34,0
DA:37,0
LF:16
LH:1
BRF:0
BRH:0
end_of_record
TN:
SF:src\components\login\Login.js
FN:6,(anonymous_0)
FN:14,(anonymous_1)
FN:18,(anonymous_2)
FN:60,(anonymous_3)
FN:75,(anonymous_4)
FN:81,(anonymous_5)
FNF:6
FNH:2
FNDA:10,(anonymous_0)
FNDA:0,(anonymous_1)
FNDA:0,(anonymous_2)
FNDA:0,(anonymous_3)
FNDA:0,(anonymous_4)
FNDA:10,(anonymous_5)
DA:6,1
DA:7,10
DA:12,10
DA:14,10
DA:15,0
DA:18,10
DA:21,0
DA:23,0
DA:25,0
DA:36,0
DA:38,0
DA:40,0
DA:41,0
DA:42,0
DA:44,0
DA:45,0
DA:48,0
DA:49,0
DA:53,10
DA:61,0
DA:62,0
DA:63,0
DA:64,0
DA:67,0
DA:70,0
DA:71,0
DA:73,0
DA:76,0
DA:78,0
DA:79,0
DA:82,10
LF:31
LH:7
BRDA:38,0,0,0
BRDA:38,0,1,0
BRDA:62,1,0,0
BRDA:62,1,1,0
BRDA:64,2,0,0
BRDA:64,2,1,0
BRDA:70,3,0,0
BRDA:70,3,1,0
BRF:8
BRH:0
end_of_record
TN:
SF:src\components\personForm\PersonForm.js
FN:5,(anonymous_0)
FN:20,(anonymous_1)
FN:58,(anonymous_2)
FN:85,(anonymous_3)
FNF:4
FNH:4
FNDA:21,(anonymous_0)
FNDA:25,(anonymous_1)
FNDA:2,(anonymous_2)
FNDA:98,(anonymous_3)
DA:5,2
DA:6,21
DA:21,25
DA:22,25
DA:23,14
DA:26,25
DA:27,16
DA:30,25
DA:31,14
DA:32,11
DA:35,5
DA:38,25
DA:39,17
DA:40,8
DA:45,4
DA:48,25
DA:53,2
DA:56,25
DA:86,98
LF:19
LH:19
BRDA:22,0,0,14
BRDA:22,0,1,11
BRDA:26,1,0,16
BRDA:26,1,1,9
BRDA:30,2,0,14
BRDA:30,2,1,11
BRDA:32,3,0,5
BRDA:32,3,1,6
BRDA:38,4,0,17
BRDA:38,4,1,8
BRDA:40,5,0,4
BRDA:40,5,1,4
BRDA:48,6,0,2
BRDA:48,6,1,23
BRDA:49,7,0,25
BRDA:49,7,1,11
BRDA:49,7,2,6
BRDA:183,8,0,76
BRDA:183,8,1,22
BRDA:186,9,0,39
BRDA:186,9,1,37
BRF:21
BRH:21
end_of_record
TN:
SF:src\components\profile\Profile.js
FN:3,(anonymous_0)
FN:10,(anonymous_1)
FN:27,(anonymous_2)
FNF:3
FNH:0
FNDA:0,(anonymous_0)
FNDA:0,(anonymous_1)
FNDA:0,(anonymous_2)
DA:3,1
DA:4,0
DA:10,0
DA:11,0
DA:12,0
DA:20,0
DA:21,0
DA:23,0
DA:27,0
DA:28,0
DA:31,0
LF:11
LH:1
BRF:0
BRH:0
end_of_record
TN:
SF:src\components\register\Register.js
FN:6,(anonymous_0)
FN:20,(anonymous_1)
FN:59,(anonymous_2)
FN:86,(anonymous_3)
FNF:4
FNH:3
FNDA:17,(anonymous_0)
FNDA:16,(anonymous_1)
FNDA:0,(anonymous_2)
FNDA:65,(anonymous_3)
DA:6,2
DA:7,17
DA:21,16
DA:22,16
DA:23,15
DA:26,16
DA:27,15
DA:30,16
DA:31,14
DA:32,2
DA:35,2
DA:38,16
DA:39,11
DA:40,5
DA:41,2
DA:44,16
DA:45,14
DA:49,16
DA:54,2
DA:57,16
DA:60,0
DA:61,0
DA:71,0
DA:73,0
DA:75,0
DA:76,0
DA:77,0
DA:79,0
DA:80,0
DA:83,0
DA:87,65
LF:31
LH:21
BRDA:22,0,0,15
BRDA:22,0,1,1
BRDA:26,1,0,15
BRDA:26,1,1,1
BRDA:30,2,0,14
BRDA:30,2,1,2
BRDA:32,3,0,2
BRDA:32,3,1,0
BRDA:38,4,0,11
BRDA:38,4,1,5
BRDA:40,5,0,2
BRDA:40,5,1,3
BRDA:44,6,0,14
BRDA:44,6,1,2
BRDA:49,7,0,2
BRDA:49,7,1,14
BRDA:50,8,0,16
BRDA:50,8,1,5
BRDA:50,8,2,2
BRDA:73,9,0,0
BRDA:73,9,1,0
BRDA:178,10,0,65
BRDA:178,10,1,0
BRDA:181,11,0,38
BRDA:181,11,1,27
BRF:25
BRH:21
end_of_record
TN:
SF:src\layout\header\Header.js
FN:7,(anonymous_0)
FN:10,(anonymous_1)
FN:28,(anonymous_2)
FNF:3
FNH:0
FNDA:0,(anonymous_0)
FNDA:0,(anonymous_1)
FNDA:0,(anonymous_2)
DA:7,1
DA:8,0
DA:10,0
DA:11,0
DA:13,0
DA:21,0
DA:22,0
DA:24,0
DA:28,0
DA:29,0
DA:30,0
DA:34,0
LF:12
LH:1
BRDA:29,0,0,0
BRDA:29,0,1,0
BRDA:38,1,0,0
BRDA:38,1,1,0
BRF:4
BRH:0
end_of_record
TN:
SF:test\spyHelpers.js
FN:1,(anonymous_0)
FN:4,(anonymous_1)
FN:7,(anonymous_2)
FN:9,(anonymous_3)
FNF:4
FNH:1
FNDA:10,(anonymous_0)
FNDA:0,(anonymous_1)
FNDA:0,(anonymous_2)
FNDA:0,(anonymous_3)
DA:1,1
DA:2,10
DA:4,0
DA:7,1
DA:9,1
DA:10,0
LF:6
LH:4
BRF:0
BRH:0
end_of_record
